2024-03-10 14:03:11 INFO     Starting training with Uniform dataset
2024-03-10 14:03:11 INFO     Starting training with threshold: 800
2024-03-10 14:03:11 INFO     Starting training with fold: 0
2024-03-10 14:03:24 INFO     Starting training with model: PU
2024-03-10 14:06:54 INFO     Starting training with model: Normal
2024-03-10 14:10:36 INFO     Starting training with model: Weighted
2024-03-10 14:15:21 INFO     Starting training with fold: 1
2024-03-10 14:15:34 INFO     Starting training with model: PU
2024-03-10 14:18:54 INFO     Starting training with model: Normal
2024-03-10 14:22:39 INFO     Starting training with model: Weighted
2024-03-10 14:27:22 INFO     Starting training with fold: 2
2024-03-10 14:27:34 INFO     Starting training with model: PU
2024-03-10 14:30:56 INFO     Starting training with model: Normal
2024-03-10 14:34:38 INFO     Starting training with model: Weighted
2024-03-10 14:39:24 INFO     Starting training with fold: 3
2024-03-10 14:39:36 INFO     Starting training with model: PU
2024-03-10 14:42:55 INFO     Starting training with model: Normal
2024-03-10 14:46:40 INFO     Starting training with model: Weighted
2024-03-10 14:51:27 INFO     Starting training with fold: 4
2024-03-10 14:51:39 INFO     Starting training with model: PU
2024-03-10 14:55:03 INFO     Starting training with model: Normal
2024-03-10 14:58:48 INFO     Starting training with model: Weighted
2024-03-10 15:03:31 INFO     Starting training with fold: 5
2024-03-10 15:03:43 INFO     Starting training with model: PU
2024-03-10 15:07:06 INFO     Starting training with model: Normal
2024-03-10 15:10:51 INFO     Starting training with model: Weighted
2024-03-10 15:15:37 INFO     Starting training with fold: 6
2024-03-10 15:15:49 INFO     Starting training with model: PU
2024-03-10 15:19:11 INFO     Starting training with model: Normal
2024-03-10 15:22:55 INFO     Starting training with model: Weighted
2024-03-10 15:27:42 INFO     Starting training with fold: 7
2024-03-10 15:27:53 INFO     Starting training with model: PU
2024-03-10 15:31:17 INFO     Starting training with model: Normal
2024-03-10 15:35:05 INFO     Starting training with model: Weighted
2024-03-10 15:39:55 INFO     Starting training with fold: 8
2024-03-10 15:40:06 INFO     Starting training with model: PU
2024-03-10 15:43:34 INFO     Starting training with model: Normal
2024-03-10 15:47:20 INFO     Starting training with model: Weighted
2024-03-10 15:52:08 INFO     Starting training with fold: 9
2024-03-10 15:52:20 INFO     Starting training with model: PU
2024-03-10 15:55:42 INFO     Starting training with model: Normal
2024-03-10 15:59:29 INFO     Starting training with model: Weighted
2024-03-10 16:04:21 INFO     Starting training with threshold: 600
2024-03-10 16:04:21 INFO     Starting training with fold: 0
2024-03-10 16:04:47 INFO     Starting training with model: PU
2024-03-10 16:12:00 INFO     Starting training with model: Normal
2024-03-10 16:19:41 INFO     Starting training with model: Weighted
2024-03-10 16:29:00 INFO     Starting training with fold: 1
2024-03-10 16:29:25 INFO     Starting training with model: PU
2024-03-10 16:36:32 INFO     Starting training with model: Normal
2024-03-10 16:44:34 INFO     Starting training with model: Weighted
2024-03-10 16:54:13 INFO     Starting training with fold: 2
2024-03-10 16:54:39 INFO     Starting training with model: PU
2024-03-10 17:01:33 INFO     Starting training with model: Normal
2024-03-10 17:09:12 INFO     Starting training with model: Weighted
2024-03-10 17:18:38 INFO     Starting training with fold: 3
2024-03-10 17:19:04 INFO     Starting training with model: PU
2024-03-10 17:26:00 INFO     Starting training with model: Normal
2024-03-10 17:33:43 INFO     Starting training with model: Weighted
2024-03-10 17:43:04 INFO     Starting training with fold: 4
2024-03-10 17:43:29 INFO     Starting training with model: PU
2024-03-10 17:50:35 INFO     Starting training with model: Normal
2024-03-10 17:58:28 INFO     Starting training with model: Weighted
2024-03-10 18:08:16 INFO     Starting training with fold: 5
2024-03-10 18:08:41 INFO     Starting training with model: PU
2024-03-10 18:15:34 INFO     Starting training with model: Normal
2024-03-10 18:23:11 INFO     Starting training with model: Weighted
2024-03-10 18:32:34 INFO     Starting training with fold: 6
2024-03-10 18:32:59 INFO     Starting training with model: PU
2024-03-10 18:39:51 INFO     Starting training with model: Normal
2024-03-10 18:47:26 INFO     Starting training with model: Weighted
2024-03-10 18:56:47 INFO     Starting training with fold: 7
2024-03-10 18:57:13 INFO     Starting training with model: PU
2024-03-10 19:04:04 INFO     Starting training with model: Normal
2024-03-10 19:11:40 INFO     Starting training with model: Weighted
2024-03-10 19:20:59 INFO     Starting training with fold: 8
2024-03-10 19:21:24 INFO     Starting training with model: PU
2024-03-10 19:28:24 INFO     Starting training with model: Normal
2024-03-10 19:36:08 INFO     Starting training with model: Weighted
2024-03-10 19:45:23 INFO     Starting training with fold: 9
2024-03-10 19:45:49 INFO     Starting training with model: PU
2024-03-10 19:52:43 INFO     Starting training with model: Normal
2024-03-10 20:00:17 INFO     Starting training with model: Weighted
2024-03-10 20:09:33 INFO     Starting training with threshold: 400
2024-03-10 20:09:33 INFO     Starting training with fold: 0
2024-03-10 20:10:11 INFO     Starting training with model: PU
2024-03-10 20:20:40 INFO     Starting training with model: Normal
2024-03-10 20:32:19 INFO     Starting training with model: Weighted
2024-03-10 20:45:57 INFO     Starting training with fold: 1
2024-03-10 20:46:36 INFO     Starting training with model: PU
2024-03-10 20:57:10 INFO     Starting training with model: Normal
2024-03-10 21:08:47 INFO     Starting training with model: Weighted
2024-03-10 21:22:22 INFO     Starting training with fold: 2
2024-03-10 21:23:01 INFO     Starting training with model: PU
2024-03-10 21:33:27 INFO     Starting training with model: Normal
2024-03-10 21:45:14 INFO     Starting training with model: Weighted
2024-03-10 21:58:49 INFO     Starting training with fold: 3
2024-03-10 21:59:26 INFO     Starting training with model: PU
2024-03-10 22:10:07 INFO     Starting training with model: Normal
2024-03-10 22:21:53 INFO     Starting training with model: Weighted
2024-03-10 22:35:39 INFO     Starting training with fold: 4
2024-03-10 22:36:17 INFO     Starting training with model: PU
2024-03-10 22:47:00 INFO     Starting training with model: Normal
2024-03-10 22:58:55 INFO     Starting training with model: Weighted
2024-03-10 23:12:34 INFO     Starting training with fold: 5
2024-03-10 23:13:14 INFO     Starting training with model: PU
2024-03-10 23:23:47 INFO     Starting training with model: Normal
2024-03-10 23:35:37 INFO     Starting training with model: Weighted
2024-03-10 23:49:18 INFO     Starting training with fold: 6
2024-03-10 23:49:55 INFO     Starting training with model: PU
2024-03-11 00:00:45 INFO     Starting training with model: Normal
2024-03-11 00:12:40 INFO     Starting training with model: Weighted
2024-03-11 00:26:11 INFO     Starting training with fold: 7
2024-03-11 00:26:48 INFO     Starting training with model: PU
2024-03-11 00:37:22 INFO     Starting training with model: Normal
2024-03-11 00:49:02 INFO     Starting training with model: Weighted
2024-03-11 01:02:36 INFO     Starting training with fold: 8
2024-03-11 01:03:16 INFO     Starting training with model: PU
2024-03-11 01:13:44 INFO     Starting training with model: Normal
2024-03-11 01:25:25 INFO     Starting training with model: Weighted
2024-03-11 01:39:02 INFO     Starting training with fold: 9
2024-03-11 01:39:39 INFO     Starting training with model: PU
2024-03-11 01:50:09 INFO     Starting training with model: Normal
2024-03-11 02:01:54 INFO     Starting training with model: Weighted
2024-03-11 02:15:29 INFO     Starting training with threshold: 200
2024-03-11 02:15:29 INFO     Starting training with fold: 0
2024-03-11 02:16:22 INFO     Starting training with model: PU
2024-03-11 02:30:29 INFO     Starting training with model: Normal
2024-03-11 02:46:12 INFO     Starting training with model: Weighted
2024-03-11 03:03:52 INFO     Starting training with fold: 1
2024-03-11 03:04:45 INFO     Starting training with model: PU
2024-03-11 03:19:13 INFO     Starting training with model: Normal
2024-03-11 03:35:04 INFO     Starting training with model: Weighted
2024-03-11 03:52:57 INFO     Starting training with fold: 2
2024-03-11 03:53:49 INFO     Starting training with model: PU
2024-03-11 04:08:02 INFO     Starting training with model: Normal
2024-03-11 04:23:44 INFO     Starting training with model: Weighted
2024-03-11 04:41:23 INFO     Starting training with fold: 3
2024-03-11 04:42:16 INFO     Starting training with model: PU
2024-03-11 04:56:23 INFO     Starting training with model: Normal
2024-03-11 05:12:16 INFO     Starting training with model: Weighted
2024-03-11 05:30:05 INFO     Starting training with fold: 4
2024-03-11 05:30:56 INFO     Starting training with model: PU
2024-03-11 05:45:06 INFO     Starting training with model: Normal
2024-03-11 06:00:50 INFO     Starting training with model: Weighted
2024-03-11 06:18:38 INFO     Starting training with fold: 5
2024-03-11 06:19:30 INFO     Starting training with model: PU
2024-03-11 06:33:38 INFO     Starting training with model: Normal
2024-03-11 06:49:25 INFO     Starting training with model: Weighted
2024-03-11 07:07:08 INFO     Starting training with fold: 6
2024-03-11 07:08:01 INFO     Starting training with model: PU
2024-03-11 07:22:17 INFO     Starting training with model: Normal
2024-03-11 07:37:59 INFO     Starting training with model: Weighted
2024-03-11 07:55:34 INFO     Starting training with fold: 7
2024-03-11 07:56:25 INFO     Starting training with model: PU
2024-03-11 08:10:32 INFO     Starting training with model: Normal
2024-03-11 08:26:18 INFO     Starting training with model: Weighted
2024-03-11 08:44:05 INFO     Starting training with fold: 8
2024-03-11 08:44:57 INFO     Starting training with model: PU
2024-03-11 08:59:05 INFO     Starting training with model: Normal
2024-03-11 09:14:42 INFO     Starting training with model: Weighted
2024-03-11 09:32:15 INFO     Starting training with fold: 9
2024-03-11 09:33:08 INFO     Starting training with model: PU
2024-03-11 09:47:18 INFO     Starting training with model: Normal
2024-03-11 10:03:00 INFO     Starting training with model: Weighted
2024-03-11 10:21:08 INFO     Starting training with threshold: 0
2024-03-11 10:21:08 INFO     Starting training with fold: 0
2024-03-11 10:22:15 INFO     Starting training with model: PU
2024-03-11 10:39:54 INFO     Starting training with model: Normal
2024-03-11 10:59:51 INFO     Starting training with model: Weighted
2024-03-11 11:21:44 INFO     Starting training with fold: 1
2024-03-11 11:22:49 INFO     Starting training with model: PU
2024-03-11 11:40:26 INFO     Starting training with model: Normal
2024-03-11 12:00:06 INFO     Starting training with model: Weighted
2024-03-11 12:22:10 INFO     Starting training with fold: 2
2024-03-11 12:23:14 INFO     Starting training with model: PU
2024-03-11 12:41:00 INFO     Starting training with model: Normal
2024-03-11 13:00:48 INFO     Starting training with model: Weighted
2024-03-11 13:22:43 INFO     Starting training with fold: 3
2024-03-11 13:23:50 INFO     Starting training with model: PU
2024-03-11 13:41:32 INFO     Starting training with model: Normal
2024-03-11 14:01:17 INFO     Starting training with model: Weighted
2024-03-11 14:23:15 INFO     Starting training with fold: 4
2024-03-11 14:24:17 INFO     Starting training with model: PU
2024-03-11 14:41:59 INFO     Starting training with model: Normal
2024-03-11 15:01:38 INFO     Starting training with model: Weighted
2024-03-11 15:23:27 INFO     Starting training with fold: 5
2024-03-11 15:24:33 INFO     Starting training with model: PU
2024-03-11 15:42:14 INFO     Starting training with model: Normal
2024-03-11 16:01:57 INFO     Starting training with model: Weighted
2024-03-11 16:23:36 INFO     Starting training with fold: 6
2024-03-11 16:24:42 INFO     Starting training with model: PU
2024-03-11 16:42:30 INFO     Starting training with model: Normal
2024-03-11 17:02:06 INFO     Starting training with model: Weighted
2024-03-11 17:23:59 INFO     Starting training with fold: 7
2024-03-11 17:25:06 INFO     Starting training with model: PU
2024-03-11 17:42:52 INFO     Starting training with model: Normal
2024-03-11 18:02:35 INFO     Starting training with model: Weighted
2024-03-11 18:24:12 INFO     Starting training with fold: 8
2024-03-11 18:25:14 INFO     Starting training with model: PU
2024-03-11 18:43:09 INFO     Starting training with model: Normal
2024-03-11 19:02:46 INFO     Starting training with model: Weighted
2024-03-11 19:24:27 INFO     Starting training with fold: 9
2024-03-11 19:25:32 INFO     Starting training with model: PU
2024-03-11 19:43:11 INFO     Starting training with model: Normal
2024-03-11 20:02:52 INFO     Starting training with model: Weighted
2024-03-11 20:24:38 INFO     Starting training with Static dataset
2024-03-11 20:24:38 INFO     Starting training with threshold: 800
2024-03-11 20:24:38 INFO     Starting training with fold: 0
2024-03-11 20:24:50 INFO     Starting training with model: PU
2024-03-11 20:28:07 INFO     Starting training with model: Normal
2024-03-11 20:31:47 INFO     Starting training with model: Weighted
2024-03-11 20:36:27 INFO     Starting training with fold: 1
2024-03-11 20:36:39 INFO     Starting training with model: PU
2024-03-11 20:40:00 INFO     Starting training with model: Normal
2024-03-11 20:43:43 INFO     Starting training with model: Weighted
2024-03-11 20:48:24 INFO     Starting training with fold: 2
2024-03-11 20:48:36 INFO     Starting training with model: PU
2024-03-11 20:51:56 INFO     Starting training with model: Normal
2024-03-11 20:55:36 INFO     Starting training with model: Weighted
2024-03-11 21:00:20 INFO     Starting training with fold: 3
2024-03-11 21:00:32 INFO     Starting training with model: PU
2024-03-11 21:03:51 INFO     Starting training with model: Normal
2024-03-11 21:07:32 INFO     Starting training with model: Weighted
2024-03-11 21:12:16 INFO     Starting training with fold: 4
2024-03-11 21:12:29 INFO     Starting training with model: PU
2024-03-11 21:15:49 INFO     Starting training with model: Normal
2024-03-11 21:19:30 INFO     Starting training with model: Weighted
2024-03-11 21:24:12 INFO     Starting training with fold: 5
2024-03-11 21:24:24 INFO     Starting training with model: PU
2024-03-11 21:27:47 INFO     Starting training with model: Normal
2024-03-11 21:31:32 INFO     Starting training with model: Weighted
2024-03-11 21:36:14 INFO     Starting training with fold: 6
2024-03-11 21:36:26 INFO     Starting training with model: PU
2024-03-11 21:39:50 INFO     Starting training with model: Normal
2024-03-11 21:43:31 INFO     Starting training with model: Weighted
2024-03-11 21:48:17 INFO     Starting training with fold: 7
2024-03-11 21:48:29 INFO     Starting training with model: PU
2024-03-11 21:51:51 INFO     Starting training with model: Normal
2024-03-11 21:55:35 INFO     Starting training with model: Weighted
2024-03-11 22:00:21 INFO     Starting training with fold: 8
2024-03-11 22:00:33 INFO     Starting training with model: PU
2024-03-11 22:03:57 INFO     Starting training with model: Normal
2024-03-11 22:07:40 INFO     Starting training with model: Weighted
2024-03-11 22:12:26 INFO     Starting training with fold: 9
2024-03-11 22:12:38 INFO     Starting training with model: PU
2024-03-11 22:16:03 INFO     Starting training with model: Normal
2024-03-11 22:19:47 INFO     Starting training with model: Weighted
2024-03-11 22:24:32 INFO     Starting training with threshold: 600
2024-03-11 22:24:32 INFO     Starting training with fold: 0
2024-03-11 22:24:44 INFO     Starting training with model: PU
2024-03-11 22:28:07 INFO     Starting training with model: Normal
2024-03-11 22:31:48 INFO     Starting training with model: Weighted
2024-03-11 22:36:18 INFO     Starting training with fold: 1
2024-03-11 22:36:30 INFO     Starting training with model: PU
2024-03-11 22:39:51 INFO     Starting training with model: Normal
2024-03-11 22:43:33 INFO     Starting training with model: Weighted
2024-03-11 22:48:01 INFO     Starting training with fold: 2
2024-03-11 22:48:13 INFO     Starting training with model: PU
2024-03-11 22:51:36 INFO     Starting training with model: Normal
2024-03-11 22:55:19 INFO     Starting training with model: Weighted
2024-03-11 22:59:50 INFO     Starting training with fold: 3
2024-03-11 23:00:02 INFO     Starting training with model: PU
2024-03-11 23:03:23 INFO     Starting training with model: Normal
2024-03-11 23:07:05 INFO     Starting training with model: Weighted
2024-03-11 23:11:33 INFO     Starting training with fold: 4
2024-03-11 23:11:45 INFO     Starting training with model: PU
2024-03-11 23:15:09 INFO     Starting training with model: Normal
2024-03-11 23:18:52 INFO     Starting training with model: Weighted
2024-03-11 23:23:28 INFO     Starting training with fold: 5
2024-03-11 23:23:40 INFO     Starting training with model: PU
2024-03-11 23:27:02 INFO     Starting training with model: Normal
2024-03-11 23:30:47 INFO     Starting training with model: Weighted
2024-03-11 23:35:16 INFO     Starting training with fold: 6
2024-03-11 23:35:28 INFO     Starting training with model: PU
2024-03-11 23:38:49 INFO     Starting training with model: Normal
2024-03-11 23:42:33 INFO     Starting training with model: Weighted
2024-03-11 23:46:58 INFO     Starting training with fold: 7
2024-03-11 23:47:10 INFO     Starting training with model: PU
2024-03-11 23:50:32 INFO     Starting training with model: Normal
2024-03-11 23:54:16 INFO     Starting training with model: Weighted
2024-03-11 23:58:43 INFO     Starting training with fold: 8
2024-03-11 23:58:55 INFO     Starting training with model: PU
2024-03-12 00:02:17 INFO     Starting training with model: Normal
2024-03-12 00:06:00 INFO     Starting training with model: Weighted
2024-03-12 00:10:28 INFO     Starting training with fold: 9
2024-03-12 00:10:40 INFO     Starting training with model: PU
2024-03-12 00:14:01 INFO     Starting training with model: Normal
2024-03-12 00:17:41 INFO     Starting training with model: Weighted
2024-03-12 00:22:12 INFO     Starting training with threshold: 400
2024-03-12 00:22:12 INFO     Starting training with fold: 0
2024-03-12 00:22:24 INFO     Starting training with model: PU
2024-03-12 00:25:40 INFO     Starting training with model: Normal
2024-03-12 00:29:17 INFO     Starting training with model: Weighted
2024-03-12 00:33:18 INFO     Starting training with fold: 1
2024-03-12 00:33:31 INFO     Starting training with model: PU
2024-03-12 00:36:46 INFO     Starting training with model: Normal
2024-03-12 00:40:24 INFO     Starting training with model: Weighted
2024-03-12 00:44:24 INFO     Starting training with fold: 2
2024-03-12 00:44:36 INFO     Starting training with model: PU
2024-03-12 00:47:52 INFO     Starting training with model: Normal
2024-03-12 00:51:28 INFO     Starting training with model: Weighted
2024-03-12 00:55:28 INFO     Starting training with fold: 3
2024-03-12 00:55:41 INFO     Starting training with model: PU
2024-03-12 00:58:55 INFO     Starting training with model: Normal
2024-03-12 01:02:32 INFO     Starting training with model: Weighted
2024-03-12 01:06:32 INFO     Starting training with fold: 4
2024-03-12 01:06:44 INFO     Starting training with model: PU
2024-03-12 01:10:02 INFO     Starting training with model: Normal
2024-03-12 01:13:38 INFO     Starting training with model: Weighted
2024-03-12 01:17:40 INFO     Starting training with fold: 5
2024-03-12 01:17:52 INFO     Starting training with model: PU
2024-03-12 01:21:07 INFO     Starting training with model: Normal
2024-03-12 01:24:45 INFO     Starting training with model: Weighted
2024-03-12 01:28:45 INFO     Starting training with fold: 6
2024-03-12 01:28:58 INFO     Starting training with model: PU
2024-03-12 01:32:12 INFO     Starting training with model: Normal
2024-03-12 01:35:48 INFO     Starting training with model: Weighted
2024-03-12 01:39:47 INFO     Starting training with fold: 7
2024-03-12 01:39:59 INFO     Starting training with model: PU
2024-03-12 01:43:15 INFO     Starting training with model: Normal
2024-03-12 01:46:52 INFO     Starting training with model: Weighted
2024-03-12 01:50:53 INFO     Starting training with fold: 8
2024-03-12 01:51:04 INFO     Starting training with model: PU
2024-03-12 01:54:20 INFO     Starting training with model: Normal
2024-03-12 01:57:58 INFO     Starting training with model: Weighted
2024-03-12 02:01:58 INFO     Starting training with fold: 9
2024-03-12 02:02:10 INFO     Starting training with model: PU
2024-03-12 02:05:24 INFO     Starting training with model: Normal
2024-03-12 02:08:59 INFO     Starting training with model: Weighted
2024-03-12 02:12:59 INFO     Starting training with threshold: 200
2024-03-12 02:12:59 INFO     Starting training with fold: 0
2024-03-12 02:13:11 INFO     Starting training with model: PU
2024-03-12 02:16:18 INFO     Starting training with model: Normal
2024-03-12 02:19:46 INFO     Starting training with model: Weighted
2024-03-12 02:23:19 INFO     Starting training with fold: 1
2024-03-12 02:23:31 INFO     Starting training with model: PU
2024-03-12 02:26:39 INFO     Starting training with model: Normal
2024-03-12 02:30:07 INFO     Starting training with model: Weighted
2024-03-12 02:33:41 INFO     Starting training with fold: 2
2024-03-12 02:33:53 INFO     Starting training with model: PU
2024-03-12 02:37:02 INFO     Starting training with model: Normal
2024-03-12 02:40:30 INFO     Starting training with model: Weighted
2024-03-12 02:44:05 INFO     Starting training with fold: 3
2024-03-12 02:44:17 INFO     Starting training with model: PU
2024-03-12 02:47:25 INFO     Starting training with model: Normal
2024-03-12 02:50:54 INFO     Starting training with model: Weighted
2024-03-12 02:54:29 INFO     Starting training with fold: 4
2024-03-12 02:54:42 INFO     Starting training with model: PU
2024-03-12 02:57:50 INFO     Starting training with model: Normal
2024-03-12 03:01:21 INFO     Starting training with model: Weighted
2024-03-12 03:04:58 INFO     Starting training with fold: 5
2024-03-12 03:05:10 INFO     Starting training with model: PU
2024-03-12 03:08:20 INFO     Starting training with model: Normal
2024-03-12 03:11:44 INFO     Starting training with model: Weighted
2024-03-12 03:15:19 INFO     Starting training with fold: 6
2024-03-12 03:15:31 INFO     Starting training with model: PU
2024-03-12 03:18:42 INFO     Starting training with model: Normal
2024-03-12 03:22:09 INFO     Starting training with model: Weighted
2024-03-12 03:25:45 INFO     Starting training with fold: 7
2024-03-12 03:25:57 INFO     Starting training with model: PU
2024-03-12 03:29:05 INFO     Starting training with model: Normal
2024-03-12 03:32:34 INFO     Starting training with model: Weighted
2024-03-12 03:36:08 INFO     Starting training with fold: 8
2024-03-12 03:36:21 INFO     Starting training with model: PU
2024-03-12 03:39:29 INFO     Starting training with model: Normal
2024-03-12 03:42:58 INFO     Starting training with model: Weighted
2024-03-12 03:46:33 INFO     Starting training with fold: 9
2024-03-12 03:46:45 INFO     Starting training with model: PU
2024-03-12 03:49:52 INFO     Starting training with model: Normal
2024-03-12 03:53:21 INFO     Starting training with model: Weighted
2024-03-12 03:56:59 INFO     Starting training with threshold: 0
2024-03-12 03:56:59 INFO     Starting training with fold: 0
2024-03-12 03:57:11 INFO     Starting training with model: PU
2024-03-12 04:00:18 INFO     Starting training with model: Normal
2024-03-12 04:03:45 INFO     Starting training with model: Weighted
2024-03-12 04:07:15 INFO     Starting training with fold: 1
2024-03-12 04:07:26 INFO     Starting training with model: PU
2024-03-12 04:10:31 INFO     Starting training with model: Normal
2024-03-12 04:13:56 INFO     Starting training with model: Weighted
2024-03-12 04:17:28 INFO     Starting training with fold: 2
2024-03-12 04:17:40 INFO     Starting training with model: PU
2024-03-12 04:20:47 INFO     Starting training with model: Normal
2024-03-12 04:24:14 INFO     Starting training with model: Weighted
2024-03-12 04:27:45 INFO     Starting training with fold: 3
2024-03-12 04:27:58 INFO     Starting training with model: PU
2024-03-12 04:31:03 INFO     Starting training with model: Normal
2024-03-12 04:34:29 INFO     Starting training with model: Weighted
2024-03-12 04:38:01 INFO     Starting training with fold: 4
2024-03-12 04:38:13 INFO     Starting training with model: PU
2024-03-12 04:41:17 INFO     Starting training with model: Normal
2024-03-12 04:44:44 INFO     Starting training with model: Weighted
2024-03-12 04:48:16 INFO     Starting training with fold: 5
2024-03-12 04:48:29 INFO     Starting training with model: PU
2024-03-12 04:51:34 INFO     Starting training with model: Normal
2024-03-12 04:55:00 INFO     Starting training with model: Weighted
2024-03-12 04:58:29 INFO     Starting training with fold: 6
2024-03-12 04:58:41 INFO     Starting training with model: PU
2024-03-12 05:01:46 INFO     Starting training with model: Normal
2024-03-12 05:05:12 INFO     Starting training with model: Weighted
2024-03-12 05:08:47 INFO     Starting training with fold: 7
2024-03-12 05:08:59 INFO     Starting training with model: PU
2024-03-12 05:12:05 INFO     Starting training with model: Normal
2024-03-12 05:15:32 INFO     Starting training with model: Weighted
2024-03-12 05:19:06 INFO     Starting training with fold: 8
2024-03-12 05:19:18 INFO     Starting training with model: PU
2024-03-12 05:22:24 INFO     Starting training with model: Normal
2024-03-12 05:25:49 INFO     Starting training with model: Weighted
2024-03-12 05:29:21 INFO     Starting training with fold: 9
2024-03-12 05:29:33 INFO     Starting training with model: PU
2024-03-12 05:32:38 INFO     Starting training with model: Normal
2024-03-12 05:36:05 INFO     Starting training with model: Weighted
2024-03-12 05:39:38 INFO     Starting training with Growing dataset
2024-03-12 05:39:38 INFO     Starting training with threshold: 800
2024-03-12 05:39:38 INFO     Starting training with fold: 0
2024-03-12 05:39:39 INFO     Starting training with model: PU
2024-03-12 05:40:19 INFO     Starting training with model: Normal
2024-03-12 05:41:02 INFO     Starting training with model: Weighted
2024-03-12 05:41:53 INFO     Starting training with fold: 1
2024-03-12 05:41:54 INFO     Starting training with model: PU
2024-03-12 05:42:37 INFO     Starting training with model: Normal
2024-03-12 05:43:21 INFO     Starting training with model: Weighted
2024-03-12 05:44:11 INFO     Starting training with fold: 2
2024-03-12 05:44:12 INFO     Starting training with model: PU
2024-03-12 05:44:54 INFO     Starting training with model: Normal
2024-03-12 05:45:37 INFO     Starting training with model: Weighted
2024-03-12 05:46:26 INFO     Starting training with fold: 3
2024-03-12 05:46:27 INFO     Starting training with model: PU
2024-03-12 05:47:09 INFO     Starting training with model: Normal
2024-03-12 05:47:52 INFO     Starting training with model: Weighted
2024-03-12 05:48:44 INFO     Starting training with fold: 4
2024-03-12 05:48:45 INFO     Starting training with model: PU
2024-03-12 05:49:28 INFO     Starting training with model: Normal
2024-03-12 05:50:10 INFO     Starting training with model: Weighted
2024-03-12 05:51:00 INFO     Starting training with fold: 5
2024-03-12 05:51:01 INFO     Starting training with model: PU
2024-03-12 05:51:42 INFO     Starting training with model: Normal
2024-03-12 05:52:26 INFO     Starting training with model: Weighted
2024-03-12 05:53:14 INFO     Starting training with fold: 6
2024-03-12 05:53:15 INFO     Starting training with model: PU
2024-03-12 05:53:58 INFO     Starting training with model: Normal
2024-03-12 05:54:43 INFO     Starting training with model: Weighted
2024-03-12 05:55:30 INFO     Starting training with fold: 7
2024-03-12 05:55:31 INFO     Starting training with model: PU
2024-03-12 05:56:12 INFO     Starting training with model: Normal
2024-03-12 05:56:56 INFO     Starting training with model: Weighted
2024-03-12 05:57:46 INFO     Starting training with fold: 8
2024-03-12 05:57:47 INFO     Starting training with model: PU
2024-03-12 05:58:30 INFO     Starting training with model: Normal
2024-03-12 05:59:13 INFO     Starting training with model: Weighted
2024-03-12 06:00:01 INFO     Starting training with fold: 9
2024-03-12 06:00:02 INFO     Starting training with model: PU
2024-03-12 06:00:45 INFO     Starting training with model: Normal
2024-03-12 06:01:29 INFO     Starting training with model: Weighted
2024-03-12 06:02:19 INFO     Starting training with threshold: 600
2024-03-12 06:02:19 INFO     Starting training with fold: 0
2024-03-12 06:02:22 INFO     Starting training with model: PU
2024-03-12 06:03:22 INFO     Starting training with model: Normal
2024-03-12 06:04:27 INFO     Starting training with model: Weighted
2024-03-12 06:05:41 INFO     Starting training with fold: 1
2024-03-12 06:05:43 INFO     Starting training with model: PU
2024-03-12 06:06:42 INFO     Starting training with model: Normal
2024-03-12 06:07:46 INFO     Starting training with model: Weighted
2024-03-12 06:09:02 INFO     Starting training with fold: 2
2024-03-12 06:09:04 INFO     Starting training with model: PU
2024-03-12 06:10:05 INFO     Starting training with model: Normal
2024-03-12 06:11:09 INFO     Starting training with model: Weighted
2024-03-12 06:12:22 INFO     Starting training with fold: 3
2024-03-12 06:12:24 INFO     Starting training with model: PU
2024-03-12 06:13:24 INFO     Starting training with model: Normal
2024-03-12 06:14:26 INFO     Starting training with model: Weighted
2024-03-12 06:15:40 INFO     Starting training with fold: 4
2024-03-12 06:15:42 INFO     Starting training with model: PU
2024-03-12 06:16:43 INFO     Starting training with model: Normal
2024-03-12 06:17:48 INFO     Starting training with model: Weighted
2024-03-12 06:19:03 INFO     Starting training with fold: 5
2024-03-12 06:19:05 INFO     Starting training with model: PU
2024-03-12 06:20:05 INFO     Starting training with model: Normal
2024-03-12 06:21:09 INFO     Starting training with model: Weighted
2024-03-12 06:22:23 INFO     Starting training with fold: 6
2024-03-12 06:22:26 INFO     Starting training with model: PU
2024-03-12 06:23:26 INFO     Starting training with model: Normal
2024-03-12 06:24:31 INFO     Starting training with model: Weighted
2024-03-12 06:25:45 INFO     Starting training with fold: 7
2024-03-12 06:25:47 INFO     Starting training with model: PU
2024-03-12 06:26:46 INFO     Starting training with model: Normal
2024-03-12 06:27:49 INFO     Starting training with model: Weighted
2024-03-12 06:29:03 INFO     Starting training with fold: 8
2024-03-12 06:29:05 INFO     Starting training with model: PU
2024-03-12 06:30:06 INFO     Starting training with model: Normal
2024-03-12 06:31:08 INFO     Starting training with model: Weighted
2024-03-12 06:32:22 INFO     Starting training with fold: 9
2024-03-12 06:32:24 INFO     Starting training with model: PU
2024-03-12 06:33:23 INFO     Starting training with model: Normal
2024-03-12 06:34:27 INFO     Starting training with model: Weighted
2024-03-12 06:35:40 INFO     Starting training with threshold: 400
2024-03-12 06:35:40 INFO     Starting training with fold: 0
2024-03-12 06:35:46 INFO     Starting training with model: PU
2024-03-12 06:37:41 INFO     Starting training with model: Normal
2024-03-12 06:39:45 INFO     Starting training with model: Weighted
2024-03-12 06:42:04 INFO     Starting training with fold: 1
2024-03-12 06:42:11 INFO     Starting training with model: PU
2024-03-12 06:44:06 INFO     Starting training with model: Normal
2024-03-12 06:46:10 INFO     Starting training with model: Weighted
2024-03-12 06:48:30 INFO     Starting training with fold: 2
2024-03-12 06:48:37 INFO     Starting training with model: PU
2024-03-12 06:50:32 INFO     Starting training with model: Normal
2024-03-12 06:52:38 INFO     Starting training with model: Weighted
2024-03-12 06:54:57 INFO     Starting training with fold: 3
2024-03-12 06:55:03 INFO     Starting training with model: PU
2024-03-12 06:56:59 INFO     Starting training with model: Normal
2024-03-12 06:59:04 INFO     Starting training with model: Weighted
2024-03-12 07:01:23 INFO     Starting training with fold: 4
2024-03-12 07:01:30 INFO     Starting training with model: PU
2024-03-12 07:03:25 INFO     Starting training with model: Normal
2024-03-12 07:05:30 INFO     Starting training with model: Weighted
2024-03-12 07:07:48 INFO     Starting training with fold: 5
2024-03-12 07:07:54 INFO     Starting training with model: PU
2024-03-12 07:09:50 INFO     Starting training with model: Normal
2024-03-12 07:11:56 INFO     Starting training with model: Weighted
2024-03-12 07:14:15 INFO     Starting training with fold: 6
2024-03-12 07:14:22 INFO     Starting training with model: PU
2024-03-12 07:16:19 INFO     Starting training with model: Normal
2024-03-12 07:18:23 INFO     Starting training with model: Weighted
2024-03-12 07:20:41 INFO     Starting training with fold: 7
2024-03-12 07:20:48 INFO     Starting training with model: PU
2024-03-12 07:22:43 INFO     Starting training with model: Normal
2024-03-12 07:24:51 INFO     Starting training with model: Weighted
2024-03-12 07:27:10 INFO     Starting training with fold: 8
2024-03-12 07:27:17 INFO     Starting training with model: PU
2024-03-12 07:29:12 INFO     Starting training with model: Normal
2024-03-12 07:31:17 INFO     Starting training with model: Weighted
2024-03-12 07:33:36 INFO     Starting training with fold: 9
2024-03-12 07:33:43 INFO     Starting training with model: PU
2024-03-12 07:35:40 INFO     Starting training with model: Normal
2024-03-12 07:37:48 INFO     Starting training with model: Weighted
2024-03-12 07:40:09 INFO     Starting training with threshold: 200
2024-03-12 07:40:09 INFO     Starting training with fold: 0
2024-03-12 07:40:39 INFO     Starting training with model: PU
2024-03-12 07:47:59 INFO     Starting training with model: Normal
2024-03-12 07:56:10 INFO     Starting training with model: Weighted
2024-03-12 08:04:39 INFO     Starting training with fold: 1
2024-03-12 08:05:07 INFO     Starting training with model: PU
2024-03-12 08:12:31 INFO     Starting training with model: Normal
2024-03-12 08:20:43 INFO     Starting training with model: Weighted
2024-03-12 08:29:11 INFO     Starting training with fold: 2
2024-03-12 08:29:41 INFO     Starting training with model: PU
2024-03-12 08:37:02 INFO     Starting training with model: Normal
2024-03-12 08:45:16 INFO     Starting training with model: Weighted
2024-03-12 08:53:42 INFO     Starting training with fold: 3
2024-03-12 08:54:11 INFO     Starting training with model: PU
2024-03-12 09:01:34 INFO     Starting training with model: Normal
2024-03-12 09:09:50 INFO     Starting training with model: Weighted
2024-03-12 09:18:18 INFO     Starting training with fold: 4
2024-03-12 09:18:47 INFO     Starting training with model: PU
2024-03-12 09:26:11 INFO     Starting training with model: Normal
2024-03-12 09:34:23 INFO     Starting training with model: Weighted
2024-03-12 09:42:52 INFO     Starting training with fold: 5
2024-03-12 09:43:21 INFO     Starting training with model: PU
2024-03-12 09:50:43 INFO     Starting training with model: Normal
2024-03-12 09:59:01 INFO     Starting training with model: Weighted
2024-03-12 10:07:29 INFO     Starting training with fold: 6
2024-03-12 10:07:58 INFO     Starting training with model: PU
2024-03-12 10:15:19 INFO     Starting training with model: Normal
2024-03-12 10:23:34 INFO     Starting training with model: Weighted
2024-03-12 10:32:06 INFO     Starting training with fold: 7
2024-03-12 10:32:36 INFO     Starting training with model: PU
2024-03-12 10:40:01 INFO     Starting training with model: Normal
2024-03-12 10:48:15 INFO     Starting training with model: Weighted
2024-03-12 10:56:47 INFO     Starting training with fold: 8
2024-03-12 10:57:15 INFO     Starting training with model: PU
2024-03-12 11:04:39 INFO     Starting training with model: Normal
2024-03-12 11:12:54 INFO     Starting training with model: Weighted
2024-03-12 11:21:26 INFO     Starting training with fold: 9
2024-03-12 11:21:56 INFO     Starting training with model: PU
2024-03-12 11:29:18 INFO     Starting training with model: Normal
2024-03-12 11:37:28 INFO     Starting training with model: Weighted
2024-03-12 11:46:01 INFO     Starting training with threshold: 0
2024-03-12 11:46:01 INFO     Starting training with fold: 0
2024-03-12 11:46:57 INFO     Starting training with model: PU
2024-03-12 12:01:01 INFO     Starting training with model: Normal
2024-03-12 12:16:44 INFO     Starting training with model: Weighted
2024-03-12 12:32:50 INFO     Starting training with fold: 1
2024-03-12 12:33:45 INFO     Starting training with model: PU
2024-03-12 12:47:49 INFO     Starting training with model: Normal
2024-03-12 13:03:29 INFO     Starting training with model: Weighted
2024-03-12 13:19:37 INFO     Starting training with fold: 2
2024-03-12 13:20:31 INFO     Starting training with model: PU
2024-03-12 13:34:32 INFO     Starting training with model: Normal
2024-03-12 13:50:07 INFO     Starting training with model: Weighted
2024-03-12 14:06:26 INFO     Starting training with fold: 3
2024-03-12 14:07:21 INFO     Starting training with model: PU
2024-03-12 14:21:29 INFO     Starting training with model: Normal
2024-03-12 14:37:05 INFO     Starting training with model: Weighted
2024-03-12 14:53:16 INFO     Starting training with fold: 4
2024-03-12 14:54:08 INFO     Starting training with model: PU
2024-03-12 15:08:12 INFO     Starting training with model: Normal
2024-03-12 15:23:56 INFO     Starting training with model: Weighted
2024-03-12 15:40:34 INFO     Starting training with fold: 5
2024-03-12 15:41:29 INFO     Starting training with model: PU
2024-03-12 15:55:33 INFO     Starting training with model: Normal
2024-03-12 16:11:05 INFO     Starting training with model: Weighted
2024-03-12 16:27:13 INFO     Starting training with fold: 6
2024-03-12 16:28:07 INFO     Starting training with model: PU
2024-03-12 16:42:08 INFO     Starting training with model: Normal
2024-03-12 16:57:54 INFO     Starting training with model: Weighted
2024-03-12 17:14:04 INFO     Starting training with fold: 7
2024-03-12 17:15:01 INFO     Starting training with model: PU
2024-03-12 17:28:56 INFO     Starting training with model: Normal
2024-03-12 17:44:39 INFO     Starting training with model: Weighted
2024-03-12 18:00:57 INFO     Starting training with fold: 8
2024-03-12 18:01:49 INFO     Starting training with model: PU
